{"C:\\Users\\Roman\\Desktop\\Учеба\\ДЗ\\JavaScript Basic\\JS Basic HW 16\\src\\HW1\\HW1.js": {"path":"C:\\Users\\Roman\\Desktop\\Учеба\\ДЗ\\JavaScript Basic\\JS Basic HW 16\\src\\HW1\\HW1.js","all":false,"statementMap":{"0":{"start":{"line":1,"column":0},"end":{"line":1,"column":12}},"1":{"start":{"line":2,"column":0},"end":{"line":2,"column":19}},"2":{"start":{"line":3,"column":0},"end":{"line":3,"column":19}},"3":{"start":{"line":4,"column":0},"end":{"line":4,"column":27}},"4":{"start":{"line":5,"column":0},"end":{"line":5,"column":38}},"5":{"start":{"line":6,"column":0},"end":{"line":6,"column":19}},"6":{"start":{"line":7,"column":0},"end":{"line":7,"column":30}},"7":{"start":{"line":8,"column":0},"end":{"line":8,"column":12}},"8":{"start":{"line":9,"column":0},"end":{"line":9,"column":33}},"9":{"start":{"line":10,"column":0},"end":{"line":10,"column":35}},"10":{"start":{"line":11,"column":0},"end":{"line":11,"column":48}},"11":{"start":{"line":12,"column":0},"end":{"line":12,"column":12}},"12":{"start":{"line":13,"column":0},"end":{"line":13,"column":35}},"13":{"start":{"line":14,"column":0},"end":{"line":14,"column":54}},"14":{"start":{"line":15,"column":0},"end":{"line":15,"column":43}},"15":{"start":{"line":16,"column":0},"end":{"line":16,"column":13}},"16":{"start":{"line":17,"column":0},"end":{"line":17,"column":30}},"17":{"start":{"line":18,"column":0},"end":{"line":18,"column":30}},"18":{"start":{"line":19,"column":0},"end":{"line":19,"column":29}},"19":{"start":{"line":20,"column":0},"end":{"line":20,"column":26}},"20":{"start":{"line":21,"column":0},"end":{"line":21,"column":1}},"21":{"start":{"line":22,"column":0},"end":{"line":22,"column":0}},"22":{"start":{"line":23,"column":0},"end":{"line":23,"column":55}},"23":{"start":{"line":24,"column":0},"end":{"line":24,"column":44}},"24":{"start":{"line":25,"column":0},"end":{"line":25,"column":14}},"25":{"start":{"line":26,"column":0},"end":{"line":26,"column":31}},"26":{"start":{"line":27,"column":0},"end":{"line":27,"column":31}},"27":{"start":{"line":28,"column":0},"end":{"line":28,"column":30}},"28":{"start":{"line":29,"column":0},"end":{"line":29,"column":20}}},"s":{"0":1,"1":1,"2":1,"3":1,"4":1,"5":1,"6":1,"7":1,"8":1,"9":1,"10":1,"11":1,"12":1,"13":1,"14":1,"15":1,"16":1,"17":1,"18":1,"19":1,"20":1,"21":1,"22":1,"23":1,"24":1,"25":1,"26":1,"27":1,"28":1},"branchMap":{"0":{"type":"branch","line":13,"loc":{"start":{"line":13,"column":7},"end":{"line":21,"column":1}},"locations":[{"start":{"line":13,"column":7},"end":{"line":21,"column":1}}]}},"b":{"0":[1]},"fnMap":{"0":{"name":"calculate3Digit","decl":{"start":{"line":13,"column":7},"end":{"line":21,"column":1}},"loc":{"start":{"line":13,"column":7},"end":{"line":21,"column":1}},"line":13}},"f":{"0":1}}
,"C:\\Users\\Roman\\Desktop\\Учеба\\ДЗ\\JavaScript Basic\\JS Basic HW 16\\src\\HW2\\HW2.js": {"path":"C:\\Users\\Roman\\Desktop\\Учеба\\ДЗ\\JavaScript Basic\\JS Basic HW 16\\src\\HW2\\HW2.js","all":false,"statementMap":{"0":{"start":{"line":1,"column":0},"end":{"line":1,"column":12}},"1":{"start":{"line":2,"column":0},"end":{"line":2,"column":19}},"2":{"start":{"line":3,"column":0},"end":{"line":3,"column":19}},"3":{"start":{"line":4,"column":0},"end":{"line":4,"column":18}},"4":{"start":{"line":5,"column":0},"end":{"line":5,"column":0}},"5":{"start":{"line":6,"column":0},"end":{"line":6,"column":12}},"6":{"start":{"line":7,"column":0},"end":{"line":7,"column":13}},"7":{"start":{"line":8,"column":0},"end":{"line":8,"column":8}},"8":{"start":{"line":9,"column":0},"end":{"line":9,"column":13}},"9":{"start":{"line":10,"column":0},"end":{"line":10,"column":1}},"10":{"start":{"line":11,"column":0},"end":{"line":11,"column":0}},"11":{"start":{"line":12,"column":0},"end":{"line":12,"column":20}},"12":{"start":{"line":13,"column":0},"end":{"line":13,"column":0}},"13":{"start":{"line":14,"column":0},"end":{"line":14,"column":12}},"14":{"start":{"line":15,"column":0},"end":{"line":15,"column":40}},"15":{"start":{"line":16,"column":0},"end":{"line":16,"column":12}},"16":{"start":{"line":17,"column":0},"end":{"line":17,"column":61}},"17":{"start":{"line":18,"column":0},"end":{"line":18,"column":22}},"18":{"start":{"line":19,"column":0},"end":{"line":19,"column":13}},"19":{"start":{"line":20,"column":0},"end":{"line":20,"column":24}},"20":{"start":{"line":21,"column":0},"end":{"line":21,"column":12}},"21":{"start":{"line":22,"column":0},"end":{"line":22,"column":0}},"22":{"start":{"line":23,"column":0},"end":{"line":23,"column":13}},"23":{"start":{"line":24,"column":0},"end":{"line":24,"column":25}},"24":{"start":{"line":25,"column":0},"end":{"line":25,"column":12}},"25":{"start":{"line":26,"column":0},"end":{"line":26,"column":0}},"26":{"start":{"line":27,"column":0},"end":{"line":27,"column":13}},"27":{"start":{"line":28,"column":0},"end":{"line":28,"column":22}},"28":{"start":{"line":29,"column":0},"end":{"line":29,"column":12}},"29":{"start":{"line":30,"column":0},"end":{"line":30,"column":0}},"30":{"start":{"line":31,"column":0},"end":{"line":31,"column":13}},"31":{"start":{"line":32,"column":0},"end":{"line":32,"column":22}},"32":{"start":{"line":33,"column":0},"end":{"line":33,"column":12}},"33":{"start":{"line":34,"column":0},"end":{"line":34,"column":0}},"34":{"start":{"line":35,"column":0},"end":{"line":35,"column":13}},"35":{"start":{"line":36,"column":0},"end":{"line":36,"column":20}},"36":{"start":{"line":37,"column":0},"end":{"line":37,"column":12}},"37":{"start":{"line":38,"column":0},"end":{"line":38,"column":0}},"38":{"start":{"line":39,"column":0},"end":{"line":39,"column":13}},"39":{"start":{"line":40,"column":0},"end":{"line":40,"column":21}},"40":{"start":{"line":41,"column":0},"end":{"line":41,"column":12}},"41":{"start":{"line":42,"column":0},"end":{"line":42,"column":0}},"42":{"start":{"line":43,"column":0},"end":{"line":43,"column":13}},"43":{"start":{"line":44,"column":0},"end":{"line":44,"column":21}},"44":{"start":{"line":45,"column":0},"end":{"line":45,"column":12}},"45":{"start":{"line":46,"column":0},"end":{"line":46,"column":0}},"46":{"start":{"line":47,"column":0},"end":{"line":47,"column":13}},"47":{"start":{"line":48,"column":0},"end":{"line":48,"column":23}},"48":{"start":{"line":49,"column":0},"end":{"line":49,"column":12}},"49":{"start":{"line":50,"column":0},"end":{"line":50,"column":0}},"50":{"start":{"line":51,"column":0},"end":{"line":51,"column":13}},"51":{"start":{"line":52,"column":0},"end":{"line":52,"column":26}},"52":{"start":{"line":53,"column":0},"end":{"line":53,"column":12}},"53":{"start":{"line":54,"column":0},"end":{"line":54,"column":0}},"54":{"start":{"line":55,"column":0},"end":{"line":55,"column":14}},"55":{"start":{"line":56,"column":0},"end":{"line":56,"column":24}},"56":{"start":{"line":57,"column":0},"end":{"line":57,"column":12}},"57":{"start":{"line":58,"column":0},"end":{"line":58,"column":0}},"58":{"start":{"line":59,"column":0},"end":{"line":59,"column":14}},"59":{"start":{"line":60,"column":0},"end":{"line":60,"column":25}},"60":{"start":{"line":61,"column":0},"end":{"line":61,"column":12}},"61":{"start":{"line":62,"column":0},"end":{"line":62,"column":0}},"62":{"start":{"line":63,"column":0},"end":{"line":63,"column":14}},"63":{"start":{"line":64,"column":0},"end":{"line":64,"column":25}},"64":{"start":{"line":65,"column":0},"end":{"line":65,"column":12}},"65":{"start":{"line":66,"column":0},"end":{"line":66,"column":12}},"66":{"start":{"line":67,"column":0},"end":{"line":67,"column":41}},"67":{"start":{"line":68,"column":0},"end":{"line":68,"column":12}},"68":{"start":{"line":69,"column":0},"end":{"line":69,"column":3}},"69":{"start":{"line":70,"column":0},"end":{"line":70,"column":28}},"70":{"start":{"line":71,"column":0},"end":{"line":71,"column":1}},"71":{"start":{"line":72,"column":0},"end":{"line":72,"column":0}},"72":{"start":{"line":73,"column":0},"end":{"line":73,"column":12}},"73":{"start":{"line":74,"column":0},"end":{"line":74,"column":52}},"74":{"start":{"line":75,"column":0},"end":{"line":75,"column":57}},"75":{"start":{"line":76,"column":0},"end":{"line":76,"column":39}},"76":{"start":{"line":77,"column":0},"end":{"line":77,"column":36}},"77":{"start":{"line":78,"column":0},"end":{"line":78,"column":17}},"78":{"start":{"line":79,"column":0},"end":{"line":79,"column":10}},"79":{"start":{"line":80,"column":0},"end":{"line":80,"column":16}},"80":{"start":{"line":81,"column":0},"end":{"line":81,"column":3}},"81":{"start":{"line":82,"column":0},"end":{"line":82,"column":1}}},"s":{"0":1,"1":1,"2":1,"3":1,"4":1,"5":1,"6":0,"7":1,"8":1,"9":1,"10":1,"11":1,"12":1,"13":1,"14":1,"15":13,"16":13,"17":13,"18":13,"19":1,"20":1,"21":13,"22":13,"23":1,"24":1,"25":13,"26":13,"27":1,"28":1,"29":13,"30":13,"31":1,"32":1,"33":13,"34":13,"35":1,"36":1,"37":13,"38":13,"39":1,"40":1,"41":13,"42":13,"43":1,"44":1,"45":13,"46":13,"47":1,"48":1,"49":13,"50":13,"51":1,"52":1,"53":13,"54":13,"55":1,"56":1,"57":13,"58":13,"59":1,"60":1,"61":13,"62":13,"63":1,"64":1,"65":13,"66":1,"67":1,"68":13,"69":13,"70":13,"71":1,"72":1,"73":1,"74":3,"75":3,"76":3,"77":1,"78":3,"79":2,"80":2,"81":3},"branchMap":{"0":{"type":"branch","line":6,"loc":{"start":{"line":6,"column":11},"end":{"line":8,"column":7}},"locations":[{"start":{"line":6,"column":11},"end":{"line":8,"column":7}}]},"1":{"type":"branch","line":15,"loc":{"start":{"line":15,"column":7},"end":{"line":71,"column":1}},"locations":[{"start":{"line":15,"column":7},"end":{"line":71,"column":1}}]},"2":{"type":"branch","line":19,"loc":{"start":{"line":19,"column":4},"end":{"line":21,"column":12}},"locations":[{"start":{"line":19,"column":4},"end":{"line":21,"column":12}}]},"3":{"type":"branch","line":23,"loc":{"start":{"line":23,"column":4},"end":{"line":25,"column":12}},"locations":[{"start":{"line":23,"column":4},"end":{"line":25,"column":12}}]},"4":{"type":"branch","line":27,"loc":{"start":{"line":27,"column":4},"end":{"line":29,"column":12}},"locations":[{"start":{"line":27,"column":4},"end":{"line":29,"column":12}}]},"5":{"type":"branch","line":31,"loc":{"start":{"line":31,"column":4},"end":{"line":33,"column":12}},"locations":[{"start":{"line":31,"column":4},"end":{"line":33,"column":12}}]},"6":{"type":"branch","line":35,"loc":{"start":{"line":35,"column":4},"end":{"line":37,"column":12}},"locations":[{"start":{"line":35,"column":4},"end":{"line":37,"column":12}}]},"7":{"type":"branch","line":39,"loc":{"start":{"line":39,"column":4},"end":{"line":41,"column":12}},"locations":[{"start":{"line":39,"column":4},"end":{"line":41,"column":12}}]},"8":{"type":"branch","line":43,"loc":{"start":{"line":43,"column":4},"end":{"line":45,"column":12}},"locations":[{"start":{"line":43,"column":4},"end":{"line":45,"column":12}}]},"9":{"type":"branch","line":47,"loc":{"start":{"line":47,"column":4},"end":{"line":49,"column":12}},"locations":[{"start":{"line":47,"column":4},"end":{"line":49,"column":12}}]},"10":{"type":"branch","line":51,"loc":{"start":{"line":51,"column":4},"end":{"line":53,"column":12}},"locations":[{"start":{"line":51,"column":4},"end":{"line":53,"column":12}}]},"11":{"type":"branch","line":55,"loc":{"start":{"line":55,"column":4},"end":{"line":57,"column":12}},"locations":[{"start":{"line":55,"column":4},"end":{"line":57,"column":12}}]},"12":{"type":"branch","line":59,"loc":{"start":{"line":59,"column":4},"end":{"line":61,"column":12}},"locations":[{"start":{"line":59,"column":4},"end":{"line":61,"column":12}}]},"13":{"type":"branch","line":63,"loc":{"start":{"line":63,"column":4},"end":{"line":65,"column":12}},"locations":[{"start":{"line":63,"column":4},"end":{"line":65,"column":12}}]},"14":{"type":"branch","line":66,"loc":{"start":{"line":66,"column":4},"end":{"line":68,"column":12}},"locations":[{"start":{"line":66,"column":4},"end":{"line":68,"column":12}}]},"15":{"type":"branch","line":74,"loc":{"start":{"line":74,"column":7},"end":{"line":82,"column":1}},"locations":[{"start":{"line":74,"column":7},"end":{"line":82,"column":1}}]},"16":{"type":"branch","line":77,"loc":{"start":{"line":77,"column":35},"end":{"line":79,"column":3}},"locations":[{"start":{"line":77,"column":35},"end":{"line":79,"column":3}}]},"17":{"type":"branch","line":79,"loc":{"start":{"line":79,"column":3},"end":{"line":81,"column":3}},"locations":[{"start":{"line":79,"column":3},"end":{"line":81,"column":3}}]}},"b":{"0":[0],"1":[13],"2":[1],"3":[1],"4":[1],"5":[1],"6":[1],"7":[1],"8":[1],"9":[1],"10":[1],"11":[1],"12":[1],"13":[1],"14":[1],"15":[3],"16":[1],"17":[2]},"fnMap":{"0":{"name":"defineMonth","decl":{"start":{"line":15,"column":7},"end":{"line":71,"column":1}},"loc":{"start":{"line":15,"column":7},"end":{"line":71,"column":1}},"line":15},"1":{"name":"fitCircleAndSquare","decl":{"start":{"line":74,"column":7},"end":{"line":82,"column":1}},"loc":{"start":{"line":74,"column":7},"end":{"line":82,"column":1}},"line":74}},"f":{"0":13,"1":3}}
,"C:\\Users\\Roman\\Desktop\\Учеба\\ДЗ\\JavaScript Basic\\JS Basic HW 16\\src\\HW3\\HW3.js": {"path":"C:\\Users\\Roman\\Desktop\\Учеба\\ДЗ\\JavaScript Basic\\JS Basic HW 16\\src\\HW3\\HW3.js","all":false,"statementMap":{"0":{"start":{"line":1,"column":0},"end":{"line":1,"column":12}},"1":{"start":{"line":2,"column":0},"end":{"line":2,"column":31}},"2":{"start":{"line":3,"column":0},"end":{"line":3,"column":16}},"3":{"start":{"line":4,"column":0},"end":{"line":4,"column":20}},"4":{"start":{"line":5,"column":0},"end":{"line":5,"column":27}},"5":{"start":{"line":6,"column":0},"end":{"line":6,"column":27}},"6":{"start":{"line":7,"column":0},"end":{"line":7,"column":17}},"7":{"start":{"line":8,"column":0},"end":{"line":8,"column":6}},"8":{"start":{"line":9,"column":0},"end":{"line":9,"column":28}},"9":{"start":{"line":10,"column":0},"end":{"line":10,"column":1}},"10":{"start":{"line":11,"column":0},"end":{"line":11,"column":12}},"11":{"start":{"line":12,"column":0},"end":{"line":12,"column":47}},"12":{"start":{"line":13,"column":0},"end":{"line":13,"column":20}},"13":{"start":{"line":14,"column":0},"end":{"line":14,"column":18}},"14":{"start":{"line":15,"column":0},"end":{"line":15,"column":32}},"15":{"start":{"line":16,"column":0},"end":{"line":16,"column":22}},"16":{"start":{"line":17,"column":0},"end":{"line":17,"column":62}},"17":{"start":{"line":18,"column":0},"end":{"line":18,"column":5}},"18":{"start":{"line":19,"column":0},"end":{"line":19,"column":31}},"19":{"start":{"line":20,"column":0},"end":{"line":20,"column":1}},"20":{"start":{"line":21,"column":0},"end":{"line":21,"column":12}},"21":{"start":{"line":22,"column":0},"end":{"line":22,"column":44}},"22":{"start":{"line":23,"column":0},"end":{"line":23,"column":42}},"23":{"start":{"line":24,"column":0},"end":{"line":24,"column":17}},"24":{"start":{"line":25,"column":0},"end":{"line":25,"column":16}},"25":{"start":{"line":26,"column":0},"end":{"line":26,"column":18}},"26":{"start":{"line":27,"column":0},"end":{"line":27,"column":4}},"27":{"start":{"line":28,"column":0},"end":{"line":28,"column":34}},"28":{"start":{"line":29,"column":0},"end":{"line":29,"column":24}},"29":{"start":{"line":30,"column":0},"end":{"line":30,"column":26}},"30":{"start":{"line":31,"column":0},"end":{"line":31,"column":20}},"31":{"start":{"line":32,"column":0},"end":{"line":32,"column":14}},"32":{"start":{"line":33,"column":0},"end":{"line":33,"column":9}},"33":{"start":{"line":34,"column":0},"end":{"line":34,"column":23}},"34":{"start":{"line":35,"column":0},"end":{"line":35,"column":29}},"35":{"start":{"line":36,"column":0},"end":{"line":36,"column":1}}},"s":{"0":1,"1":1,"2":1,"3":1,"4":1,"5":51,"6":51,"7":1,"8":1,"9":1,"10":1,"11":1,"12":1,"13":1,"14":1,"15":9,"16":9,"17":9,"18":1,"19":1,"20":1,"21":1,"22":1,"23":1,"24":1,"25":1,"26":1,"27":1,"28":5,"29":3,"30":3,"31":5,"32":5,"33":1,"34":1,"35":1},"branchMap":{"0":{"type":"branch","line":2,"loc":{"start":{"line":2,"column":7},"end":{"line":10,"column":1}},"locations":[{"start":{"line":2,"column":7},"end":{"line":10,"column":1}}]},"1":{"type":"branch","line":5,"loc":{"start":{"line":5,"column":26},"end":{"line":8,"column":5}},"locations":[{"start":{"line":5,"column":26},"end":{"line":8,"column":5}}]},"2":{"type":"branch","line":12,"loc":{"start":{"line":12,"column":7},"end":{"line":20,"column":1}},"locations":[{"start":{"line":12,"column":7},"end":{"line":20,"column":1}}]},"3":{"type":"branch","line":15,"loc":{"start":{"line":15,"column":31},"end":{"line":18,"column":5}},"locations":[{"start":{"line":15,"column":31},"end":{"line":18,"column":5}}]},"4":{"type":"branch","line":22,"loc":{"start":{"line":22,"column":7},"end":{"line":36,"column":1}},"locations":[{"start":{"line":22,"column":7},"end":{"line":36,"column":1}}]},"5":{"type":"branch","line":28,"loc":{"start":{"line":28,"column":33},"end":{"line":33,"column":9}},"locations":[{"start":{"line":28,"column":33},"end":{"line":33,"column":9}}]},"6":{"type":"branch","line":29,"loc":{"start":{"line":29,"column":23},"end":{"line":32,"column":13}},"locations":[{"start":{"line":29,"column":23},"end":{"line":32,"column":13}}]}},"b":{"0":[1],"1":[51],"2":[1],"3":[9],"4":[1],"5":[5],"6":[3]},"fnMap":{"0":{"name":"sum50to100","decl":{"start":{"line":2,"column":7},"end":{"line":10,"column":1}},"loc":{"start":{"line":2,"column":7},"end":{"line":10,"column":1}},"line":2},"1":{"name":"showMultiplicationTableOf7","decl":{"start":{"line":12,"column":7},"end":{"line":20,"column":1}},"loc":{"start":{"line":12,"column":7},"end":{"line":20,"column":1}},"line":12},"2":{"name":"calculateArithmeticMean","decl":{"start":{"line":22,"column":7},"end":{"line":36,"column":1}},"loc":{"start":{"line":22,"column":7},"end":{"line":36,"column":1}},"line":22}},"f":{"0":1,"1":1,"2":1}}
}
