TN:
SF:src\HW1\HW1.js
FN:13,calculate3Digit
FNF:1
FNH:1
FNDA:1,calculate3Digit
DA:1,1
DA:2,1
DA:3,1
DA:4,1
DA:5,1
DA:6,1
DA:7,1
DA:8,1
DA:9,1
DA:10,1
DA:11,1
DA:12,1
DA:13,1
DA:14,1
DA:15,1
DA:16,1
DA:17,1
DA:18,1
DA:19,1
DA:20,1
DA:21,1
LF:21
LH:21
BRDA:13,0,0,1
BRF:1
BRH:1
end_of_record
TN:
SF:src\HW2\HW2.js
FN:15,defineMonth
FN:74,fitCircleAndSquare
FNF:2
FNH:2
FNDA:13,defineMonth
FNDA:3,fitCircleAndSquare
DA:1,1
DA:2,1
DA:3,1
DA:4,1
DA:5,1
DA:6,1
DA:7,0
DA:8,1
DA:9,1
DA:10,1
DA:11,1
DA:12,1
DA:13,1
DA:14,1
DA:15,1
DA:16,13
DA:17,13
DA:18,13
DA:19,13
DA:20,1
DA:21,1
DA:22,13
DA:23,13
DA:24,1
DA:25,1
DA:26,13
DA:27,13
DA:28,1
DA:29,1
DA:30,13
DA:31,13
DA:32,1
DA:33,1
DA:34,13
DA:35,13
DA:36,1
DA:37,1
DA:38,13
DA:39,13
DA:40,1
DA:41,1
DA:42,13
DA:43,13
DA:44,1
DA:45,1
DA:46,13
DA:47,13
DA:48,1
DA:49,1
DA:50,13
DA:51,13
DA:52,1
DA:53,1
DA:54,13
DA:55,13
DA:56,1
DA:57,1
DA:58,13
DA:59,13
DA:60,1
DA:61,1
DA:62,13
DA:63,13
DA:64,1
DA:65,1
DA:66,13
DA:67,1
DA:68,1
DA:69,13
DA:70,13
DA:71,13
DA:72,1
DA:73,1
DA:74,1
DA:75,3
DA:76,3
DA:77,3
DA:78,1
DA:79,3
DA:80,2
DA:81,2
DA:82,3
LF:82
LH:81
BRDA:6,0,0,0
BRDA:15,1,0,13
BRDA:19,2,0,1
BRDA:23,3,0,1
BRDA:27,4,0,1
BRDA:31,5,0,1
BRDA:35,6,0,1
BRDA:39,7,0,1
BRDA:43,8,0,1
BRDA:47,9,0,1
BRDA:51,10,0,1
BRDA:55,11,0,1
BRDA:59,12,0,1
BRDA:63,13,0,1
BRDA:66,14,0,1
BRDA:74,15,0,3
BRDA:77,16,0,1
BRDA:79,17,0,2
BRF:18
BRH:17
end_of_record
TN:
SF:src\HW3\HW3.js
FN:2,sum50to100
FN:12,showMultiplicationTableOf7
FN:22,calculateArithmeticMean
FNF:3
FNH:3
FNDA:1,sum50to100
FNDA:1,showMultiplicationTableOf7
FNDA:1,calculateArithmeticMean
DA:1,1
DA:2,1
DA:3,1
DA:4,1
DA:5,1
DA:6,51
DA:7,51
DA:8,51
DA:9,1
DA:10,1
DA:11,1
DA:12,1
DA:13,1
DA:14,1
DA:15,1
DA:16,9
DA:17,9
DA:18,9
DA:19,1
DA:20,1
DA:21,1
DA:22,1
DA:23,1
DA:24,1
DA:25,1
DA:26,1
DA:27,1
DA:28,1
DA:29,5
DA:30,3
DA:31,3
DA:32,3
DA:33,5
DA:34,1
DA:35,1
DA:36,1
LF:36
LH:36
BRDA:2,0,0,1
BRDA:5,1,0,51
BRDA:12,2,0,1
BRDA:15,3,0,9
BRDA:22,4,0,1
BRDA:28,5,0,5
BRDA:29,6,0,3
BRF:7
BRH:7
end_of_record
TN:
SF:src\HW4\HW4.js
FN:5,addAgeByPrompt
FN:10,assignRole
FN:16,saveObjectKeyToVariables
FNF:3
FNH:3
FNDA:2,addAgeByPrompt
FNDA:1,assignRole
FNDA:1,saveObjectKeyToVariables
DA:1,1
DA:2,1
DA:3,1
DA:4,1
DA:5,1
DA:6,2
DA:7,2
DA:8,2
DA:9,2
DA:10,1
DA:11,1
DA:12,1
DA:13,1
DA:14,1
DA:15,1
DA:16,1
DA:17,1
DA:18,1
DA:19,1
LF:19
LH:19
BRDA:5,0,0,2
BRDA:10,1,0,1
BRDA:16,2,0,1
BRF:3
BRH:3
end_of_record
